\BOOKMARK [1][-]{section.1}{Litterature reviews}{}% 1
\BOOKMARK [2][-]{subsection.1.1}{Formal analysis of secure device pairing protocols}{section.1}% 2
\BOOKMARK [3][-]{subsubsection.1.1.1}{Justas}{subsection.1.1}% 3
\BOOKMARK [3][-]{subsubsection.1.1.2}{Troels}{subsection.1.1}% 4
\BOOKMARK [2][-]{subsection.1.2}{Sondi master thesis}{section.1}% 5
\BOOKMARK [3][-]{subsubsection.1.2.1}{Justas}{subsection.1.2}% 6
\BOOKMARK [3][-]{subsubsection.1.2.2}{Troels}{subsection.1.2}% 7
\BOOKMARK [2][-]{subsection.1.3}{UbiSOUND}{section.1}% 8
\BOOKMARK [3][-]{subsubsection.1.3.1}{Justas}{subsection.1.3}% 9
\BOOKMARK [3][-]{subsubsection.1.3.2}{Troels}{subsection.1.3}% 10
\BOOKMARK [2][-]{subsection.1.4}{Efficient Device Pairing using 'Human-comparable' Synchronized Audiovisual Patterns}{section.1}% 11
\BOOKMARK [3][-]{subsubsection.1.4.1}{Justas}{subsection.1.4}% 12
\BOOKMARK [2][-]{subsection.1.5}{HAPADEP Human-Assisted Pure Audio Device Pairing}{section.1}% 13
\BOOKMARK [3][-]{subsubsection.1.5.1}{Justas}{subsection.1.5}% 14
\BOOKMARK [2][-]{subsection.1.6}{Analysis of Bluetooth Threats and v4.0 Security}{section.1}% 15
\BOOKMARK [3][-]{subsubsection.1.6.1}{Justas}{subsection.1.6}% 16
\BOOKMARK [2][-]{subsection.1.7}{Bluetooth Security in Wearable Computing Applications}{section.1}% 17
\BOOKMARK [3][-]{subsubsection.1.7.1}{Justas}{subsection.1.7}% 18
\BOOKMARK [2][-]{subsection.1.8}{Man-In-The-Middle Attacks on Bluetooth}{section.1}% 19
\BOOKMARK [3][-]{subsubsection.1.8.1}{Justas}{subsection.1.8}% 20
